Generated at 2020-08-05 21:08:22 +0000
Chef::Exceptions::ResourceNotFound: resource cookbook_file[/etc/apache2/mods-available/mpm_prefork.conf] is configured to notify resource execute[disable-prefork] with action run,           but execute[disable-prefork] cannot be found in the resource collection. cookbook_file[/etc/apache2/mods-available/mpm_prefork.conf] is defined in           /root/chef-repo/.chef/local-mode-cache/cache/cookbooks/apache2/recipes/install_apache.rb:55:in `block in from_file'

/opt/chef-workstation/embedded/lib/ruby/gems/2.5.0/gems/chef-14.8.12/lib/chef/resource_collection/resource_set.rb:59:in `lookup'
/opt/chef-workstation/embedded/lib/ruby/gems/2.5.0/gems/chef-14.8.12/lib/chef/resource_collection/resource_set.rb:168:in `find_resource_by_string'
/opt/chef-workstation/embedded/lib/ruby/gems/2.5.0/gems/chef-14.8.12/lib/chef/resource_collection/resource_set.rb:94:in `block in find'
/opt/chef-workstation/embedded/lib/ruby/gems/2.5.0/gems/chef-14.8.12/lib/chef/resource_collection/resource_set.rb:89:in `each'
/opt/chef-workstation/embedded/lib/ruby/gems/2.5.0/gems/chef-14.8.12/lib/chef/resource_collection/resource_set.rb:89:in `find'
/opt/chef-workstation/embedded/lib/ruby/gems/2.5.0/gems/chef-14.8.12/lib/chef/resource_collection.rb:140:in `find_recursive'
/opt/chef-workstation/embedded/lib/ruby/gems/2.5.0/gems/chef-14.8.12/lib/chef/resource_collection.rb:116:in `find'
/opt/chef-workstation/embedded/lib/ruby/gems/2.5.0/gems/chef-14.8.12/lib/chef/resource/resource_notification.rb:73:in `fix_resource_reference'
/opt/chef-workstation/embedded/lib/ruby/gems/2.5.0/gems/chef-14.8.12/lib/chef/resource/resource_notification.rb:59:in `resolve_resource_reference'
/opt/chef-workstation/embedded/lib/ruby/gems/2.5.0/gems/chef-14.8.12/lib/chef/resource.rb:1245:in `block in resolve_notification_references'
/opt/chef-workstation/embedded/lib/ruby/gems/2.5.0/gems/chef-14.8.12/lib/chef/resource.rb:1244:in `each'
/opt/chef-workstation/embedded/lib/ruby/gems/2.5.0/gems/chef-14.8.12/lib/chef/resource.rb:1244:in `resolve_notification_references'
/opt/chef-workstation/embedded/lib/ruby/gems/2.5.0/gems/chef-14.8.12/lib/chef/runner.rb:93:in `block in converge'
/opt/chef-workstation/embedded/lib/ruby/2.5.0/forwardable.rb:229:in `each'
/opt/chef-workstation/embedded/lib/ruby/2.5.0/forwardable.rb:229:in `each'
/opt/chef-workstation/embedded/lib/ruby/gems/2.5.0/gems/chef-14.8.12/lib/chef/runner.rb:92:in `converge'
/opt/chef-workstation/embedded/lib/ruby/gems/2.5.0/gems/chef-14.8.12/lib/chef/client.rb:720:in `block in converge'
/opt/chef-workstation/embedded/lib/ruby/gems/2.5.0/gems/chef-14.8.12/lib/chef/client.rb:715:in `catch'
/opt/chef-workstation/embedded/lib/ruby/gems/2.5.0/gems/chef-14.8.12/lib/chef/client.rb:715:in `converge'
/opt/chef-workstation/embedded/lib/ruby/gems/2.5.0/gems/chef-14.8.12/lib/chef/client.rb:754:in `converge_and_save'
/opt/chef-workstation/embedded/lib/ruby/gems/2.5.0/gems/chef-14.8.12/lib/chef/client.rb:286:in `run'
/opt/chef-workstation/embedded/lib/ruby/gems/2.5.0/gems/chef-14.8.12/lib/chef/application.rb:303:in `run_with_graceful_exit_option'
/opt/chef-workstation/embedded/lib/ruby/gems/2.5.0/gems/chef-14.8.12/lib/chef/application.rb:279:in `block in run_chef_client'
/opt/chef-workstation/embedded/lib/ruby/gems/2.5.0/gems/chef-14.8.12/lib/chef/local_mode.rb:44:in `with_server_connectivity'
/opt/chef-workstation/embedded/lib/ruby/gems/2.5.0/gems/chef-14.8.12/lib/chef/application.rb:261:in `run_chef_client'
/opt/chef-workstation/embedded/lib/ruby/gems/2.5.0/gems/chef-14.8.12/lib/chef/application/client.rb:440:in `run_application'
/opt/chef-workstation/embedded/lib/ruby/gems/2.5.0/gems/chef-14.8.12/lib/chef/application.rb:66:in `run'
/opt/chef-workstation/embedded/lib/ruby/gems/2.5.0/gems/chef-14.8.12/bin/chef-client:25:in `<top (required)>'
/usr/bin/chef-client:306:in `load'
/usr/bin/chef-client:306:in `<main>'

>>>> Caused by Chef::Exceptions::ResourceNotFound: Cannot find a resource matching execute[disable-prefork] (did you define it first?)
/opt/chef-workstation/embedded/lib/ruby/gems/2.5.0/gems/chef-14.8.12/lib/chef/resource_collection/resource_set.rb:59:in `lookup'
/opt/chef-workstation/embedded/lib/ruby/gems/2.5.0/gems/chef-14.8.12/lib/chef/resource_collection/resource_set.rb:168:in `find_resource_by_string'
/opt/chef-workstation/embedded/lib/ruby/gems/2.5.0/gems/chef-14.8.12/lib/chef/resource_collection/resource_set.rb:94:in `block in find'
/opt/chef-workstation/embedded/lib/ruby/gems/2.5.0/gems/chef-14.8.12/lib/chef/resource_collection/resource_set.rb:89:in `each'
/opt/chef-workstation/embedded/lib/ruby/gems/2.5.0/gems/chef-14.8.12/lib/chef/resource_collection/resource_set.rb:89:in `find'
/opt/chef-workstation/embedded/lib/ruby/gems/2.5.0/gems/chef-14.8.12/lib/chef/resource_collection.rb:140:in `find_recursive'
/opt/chef-workstation/embedded/lib/ruby/gems/2.5.0/gems/chef-14.8.12/lib/chef/resource_collection.rb:116:in `find'
/opt/chef-workstation/embedded/lib/ruby/gems/2.5.0/gems/chef-14.8.12/lib/chef/resource/resource_notification.rb:73:in `fix_resource_reference'
/opt/chef-workstation/embedded/lib/ruby/gems/2.5.0/gems/chef-14.8.12/lib/chef/resource/resource_notification.rb:59:in `resolve_resource_reference'
/opt/chef-workstation/embedded/lib/ruby/gems/2.5.0/gems/chef-14.8.12/lib/chef/resource.rb:1245:in `block in resolve_notification_references'
/opt/chef-workstation/embedded/lib/ruby/gems/2.5.0/gems/chef-14.8.12/lib/chef/resource.rb:1244:in `each'
/opt/chef-workstation/embedded/lib/ruby/gems/2.5.0/gems/chef-14.8.12/lib/chef/resource.rb:1244:in `resolve_notification_references'
/opt/chef-workstation/embedded/lib/ruby/gems/2.5.0/gems/chef-14.8.12/lib/chef/runner.rb:93:in `block in converge'
/opt/chef-workstation/embedded/lib/ruby/2.5.0/forwardable.rb:229:in `each'
/opt/chef-workstation/embedded/lib/ruby/2.5.0/forwardable.rb:229:in `each'
/opt/chef-workstation/embedded/lib/ruby/gems/2.5.0/gems/chef-14.8.12/lib/chef/runner.rb:92:in `converge'
/opt/chef-workstation/embedded/lib/ruby/gems/2.5.0/gems/chef-14.8.12/lib/chef/client.rb:720:in `block in converge'
/opt/chef-workstation/embedded/lib/ruby/gems/2.5.0/gems/chef-14.8.12/lib/chef/client.rb:715:in `catch'
/opt/chef-workstation/embedded/lib/ruby/gems/2.5.0/gems/chef-14.8.12/lib/chef/client.rb:715:in `converge'
/opt/chef-workstation/embedded/lib/ruby/gems/2.5.0/gems/chef-14.8.12/lib/chef/client.rb:754:in `converge_and_save'
/opt/chef-workstation/embedded/lib/ruby/gems/2.5.0/gems/chef-14.8.12/lib/chef/client.rb:286:in `run'
/opt/chef-workstation/embedded/lib/ruby/gems/2.5.0/gems/chef-14.8.12/lib/chef/application.rb:303:in `run_with_graceful_exit_option'
/opt/chef-workstation/embedded/lib/ruby/gems/2.5.0/gems/chef-14.8.12/lib/chef/application.rb:279:in `block in run_chef_client'
/opt/chef-workstation/embedded/lib/ruby/gems/2.5.0/gems/chef-14.8.12/lib/chef/local_mode.rb:44:in `with_server_connectivity'
/opt/chef-workstation/embedded/lib/ruby/gems/2.5.0/gems/chef-14.8.12/lib/chef/application.rb:261:in `run_chef_client'
/opt/chef-workstation/embedded/lib/ruby/gems/2.5.0/gems/chef-14.8.12/lib/chef/application/client.rb:440:in `run_application'
/opt/chef-workstation/embedded/lib/ruby/gems/2.5.0/gems/chef-14.8.12/lib/chef/application.rb:66:in `run'
/opt/chef-workstation/embedded/lib/ruby/gems/2.5.0/gems/chef-14.8.12/bin/chef-client:25:in `<top (required)>'
/usr/bin/chef-client:306:in `load'
/usr/bin/chef-client:306:in `<main>'